<?xml version="1.0" encoding="UTF-8"?>
<!-- Generated by org.testng.reporters.JUnitReportReporter -->
<testsuite hostname="LTIN447985" failures="0" tests="13" name="TestScenarios.TestCases" time="29.269" errors="0" timestamp="2023-07-18T16:03:09 IST" skipped="0">
  <testcase classname="TestScenarios.TestCases" name="clickingHolidayHomeslink" time="0.113"/>
  <system-out/>
  <testcase classname="TestScenarios.TestCases" name="enteringCityName" time="0.760"/>
  <system-out/>
  <testcase classname="TestScenarios.TestCases" name="clickingCityName" time="5.638"/>
  <system-out/>
  <testcase classname="TestScenarios.TestCases" name="sortBy" time="0.584"/>
  <system-out/>
  <testcase classname="TestScenarios.TestCases" name="selectingElevator" time="0.998"/>
  <system-out/>
  <testcase classname="TestScenarios.TestCases" name="selectCheckInDate" time="0.322"/>
  <system-out/>
  <testcase classname="TestScenarios.TestCases" name="selectCheckOutDate" time="0.363"/>
  <system-out/>
  <testcase classname="TestScenarios.TestCases" name="addingguests" time="7.452"/>
  <system-out/>
  <testcase classname="TestScenarios.TestCases" name="printHotelDetails" time="2.939"/>
  <system-out/>
  <testcase classname="TestScenarios.TestCases" name="selectCruiseLine" time="4.032"/>
  <system-out/>
  <testcase classname="TestScenarios.TestCases" name="selectCruiseShip" time="1.364"/>
  <system-out/>
  <testcase classname="TestScenarios.TestCases" name="searchCruises" time="2.545"/>
  <system-out/>
  <testcase classname="TestScenarios.TestCases" name="extractDetails_Cruise" time="2.159"/>
  <system-out/>
</testsuite> <!-- TestScenarios.TestCases -->
